[2024-11-18T00:28:00.074+0000] {local_task_job_runner.py:123} INFO - ::group::Pre task execution logs
[2024-11-18T00:28:00.100+0000] {taskinstance.py:2613} INFO - Dependencies all met for dep_context=non-requeueable deps ti=<TaskInstance: raw_api_sales_data.insert_sales_data manual__2024-11-18T00:27:37.793577+00:00 [queued]>
[2024-11-18T00:28:00.113+0000] {taskinstance.py:2613} INFO - Dependencies all met for dep_context=requeueable deps ti=<TaskInstance: raw_api_sales_data.insert_sales_data manual__2024-11-18T00:27:37.793577+00:00 [queued]>
[2024-11-18T00:28:00.114+0000] {taskinstance.py:2866} INFO - Starting attempt 1 of 2
[2024-11-18T00:28:00.137+0000] {taskinstance.py:2889} INFO - Executing <Task(PythonOperator): insert_sales_data> on 2024-11-18 00:27:37.793577+00:00
[2024-11-18T00:28:00.145+0000] {warnings.py:112} WARNING - /home/***/.local/lib/python3.12/site-packages/***/task/task_runner/standard_task_runner.py:70: DeprecationWarning: This process (pid=935) is multi-threaded, use of fork() may lead to deadlocks in the child.
  pid = os.fork()

[2024-11-18T00:28:00.148+0000] {standard_task_runner.py:72} INFO - Started process 937 to run task
[2024-11-18T00:28:00.150+0000] {standard_task_runner.py:104} INFO - Running: ['***', 'tasks', 'run', 'raw_api_sales_data', 'insert_sales_data', 'manual__2024-11-18T00:27:37.793577+00:00', '--job-id', '223', '--raw', '--subdir', 'DAGS_FOLDER/fetch_data.py', '--cfg-path', '/tmp/tmpwak04w5x']
[2024-11-18T00:28:00.153+0000] {standard_task_runner.py:105} INFO - Job 223: Subtask insert_sales_data
[2024-11-18T00:28:00.226+0000] {task_command.py:467} INFO - Running <TaskInstance: raw_api_sales_data.insert_sales_data manual__2024-11-18T00:27:37.793577+00:00 [running]> on host 32413fe3731c
[2024-11-18T00:28:00.774+0000] {taskinstance.py:3132} INFO - Exporting env vars: AIRFLOW_CTX_DAG_OWNER='***' AIRFLOW_CTX_DAG_ID='raw_api_sales_data' AIRFLOW_CTX_TASK_ID='insert_sales_data' AIRFLOW_CTX_EXECUTION_DATE='2024-11-18T00:27:37.793577+00:00' AIRFLOW_CTX_TRY_NUMBER='1' AIRFLOW_CTX_DAG_RUN_ID='manual__2024-11-18T00:27:37.793577+00:00'
[2024-11-18T00:28:00.776+0000] {logging_mixin.py:190} INFO - Task instance is in running state
[2024-11-18T00:28:00.777+0000] {logging_mixin.py:190} INFO -  Previous state of the Task instance: queued
[2024-11-18T00:28:00.778+0000] {logging_mixin.py:190} INFO - Current task name:insert_sales_data state:running start_date:2024-11-18 00:28:00.101191+00:00
[2024-11-18T00:28:00.779+0000] {logging_mixin.py:190} INFO - Dag name:raw_api_sales_data and current dag run status:running
[2024-11-18T00:28:00.780+0000] {taskinstance.py:731} INFO - ::endgroup::
[2024-11-18T00:28:00.825+0000] {base.py:84} INFO - Retrieving connection 'postgres_default'
[2024-11-18T00:28:00.829+0000] {logging_mixin.py:190} INFO - Error: connection to server at "localhost" (::1), port 5432 failed: Connection refused
	Is the server running on that host and accepting TCP/IP connections?
connection to server at "localhost" (127.0.0.1), port 5432 failed: Connection refused
	Is the server running on that host and accepting TCP/IP connections?
[2024-11-18T00:28:00.831+0000] {fetch_data.py:76} ERROR - Failed to insert data into PostgreSQL: cannot access local variable 'cursor' where it is not associated with a value
[2024-11-18T00:28:00.833+0000] {taskinstance.py:3311} ERROR - Task failed with exception
Traceback (most recent call last):
  File "/opt/airflow/dags/fetch_data.py", line 67, in insert_sales_data
    cursor.execute(insert_query, (
    ^^^^^^
UnboundLocalError: cannot access local variable 'cursor' where it is not associated with a value

During handling of the above exception, another exception occurred:

Traceback (most recent call last):
  File "/opt/airflow/dags/fetch_data.py", line 77, in insert_sales_data
    conn.rollback()
    ^^^^
UnboundLocalError: cannot access local variable 'conn' where it is not associated with a value

During handling of the above exception, another exception occurred:

Traceback (most recent call last):
  File "/home/airflow/.local/lib/python3.12/site-packages/airflow/models/taskinstance.py", line 767, in _execute_task
    result = _execute_callable(context=context, **execute_callable_kwargs)
             ^^^^^^^^^^^^^^^^^^^^^^^^^^^^^^^^^^^^^^^^^^^^^^^^^^^^^^^^^^^^^
  File "/home/airflow/.local/lib/python3.12/site-packages/airflow/models/taskinstance.py", line 733, in _execute_callable
    return ExecutionCallableRunner(
           ^^^^^^^^^^^^^^^^^^^^^^^^
  File "/home/airflow/.local/lib/python3.12/site-packages/airflow/utils/operator_helpers.py", line 252, in run
    return self.func(*args, **kwargs)
           ^^^^^^^^^^^^^^^^^^^^^^^^^^
  File "/home/airflow/.local/lib/python3.12/site-packages/airflow/models/baseoperator.py", line 417, in wrapper
    return func(self, *args, **kwargs)
           ^^^^^^^^^^^^^^^^^^^^^^^^^^^
  File "/home/airflow/.local/lib/python3.12/site-packages/airflow/operators/python.py", line 238, in execute
    return_value = self.execute_callable()
                   ^^^^^^^^^^^^^^^^^^^^^^^
  File "/home/airflow/.local/lib/python3.12/site-packages/airflow/operators/python.py", line 256, in execute_callable
    return runner.run(*self.op_args, **self.op_kwargs)
           ^^^^^^^^^^^^^^^^^^^^^^^^^^^^^^^^^^^^^^^^^^^
  File "/home/airflow/.local/lib/python3.12/site-packages/airflow/utils/operator_helpers.py", line 252, in run
    return self.func(*args, **kwargs)
           ^^^^^^^^^^^^^^^^^^^^^^^^^^
  File "/opt/airflow/dags/fetch_data.py", line 80, in insert_sales_data
    cursor.close()
    ^^^^^^
UnboundLocalError: cannot access local variable 'cursor' where it is not associated with a value
[2024-11-18T00:28:00.879+0000] {logging_mixin.py:190} INFO - Task instance in failure state
[2024-11-18T00:28:00.880+0000] {logging_mixin.py:190} INFO - Task start:2024-11-18 00:28:00.101191+00:00 end:2024-11-18 00:28:00.877525+00:00 duration:0.776334
[2024-11-18T00:28:00.882+0000] {logging_mixin.py:190} INFO - Task:<Task(PythonOperator): insert_sales_data> dag:<DAG: raw_api_sales_data> dagrun:<DagRun raw_api_sales_data @ 2024-11-18 00:27:37.793577+00:00: manual__2024-11-18T00:27:37.793577+00:00, state:running, queued_at: 2024-11-18 00:27:37.834780+00:00. externally triggered: True>
[2024-11-18T00:28:00.883+0000] {logging_mixin.py:190} INFO - Failure caused by cannot access local variable 'cursor' where it is not associated with a value
[2024-11-18T00:28:00.884+0000] {taskinstance.py:1225} INFO - Marking task as UP_FOR_RETRY. dag_id=raw_api_sales_data, task_id=insert_sales_data, run_id=manual__2024-11-18T00:27:37.793577+00:00, execution_date=20241118T002737, start_date=20241118T002800, end_date=20241118T002800
[2024-11-18T00:28:00.946+0000] {taskinstance.py:340} INFO - ::group::Post task execution logs
[2024-11-18T00:28:00.948+0000] {standard_task_runner.py:124} ERROR - Failed to execute job 223 for task insert_sales_data (cannot access local variable 'cursor' where it is not associated with a value; 937)
Traceback (most recent call last):
  File "/opt/airflow/dags/fetch_data.py", line 67, in insert_sales_data
    cursor.execute(insert_query, (
    ^^^^^^
UnboundLocalError: cannot access local variable 'cursor' where it is not associated with a value

During handling of the above exception, another exception occurred:

Traceback (most recent call last):
  File "/opt/airflow/dags/fetch_data.py", line 77, in insert_sales_data
    conn.rollback()
    ^^^^
UnboundLocalError: cannot access local variable 'conn' where it is not associated with a value

During handling of the above exception, another exception occurred:

Traceback (most recent call last):
  File "/home/airflow/.local/lib/python3.12/site-packages/airflow/task/task_runner/standard_task_runner.py", line 117, in _start_by_fork
    ret = args.func(args, dag=self.dag)
          ^^^^^^^^^^^^^^^^^^^^^^^^^^^^^
  File "/home/airflow/.local/lib/python3.12/site-packages/airflow/cli/cli_config.py", line 49, in command
    return func(*args, **kwargs)
           ^^^^^^^^^^^^^^^^^^^^^
  File "/home/airflow/.local/lib/python3.12/site-packages/airflow/utils/cli.py", line 116, in wrapper
    return f(*args, **kwargs)
           ^^^^^^^^^^^^^^^^^^
  File "/home/airflow/.local/lib/python3.12/site-packages/airflow/cli/commands/task_command.py", line 483, in task_run
    task_return_code = _run_task_by_selected_method(args, _dag, ti)
                       ^^^^^^^^^^^^^^^^^^^^^^^^^^^^^^^^^^^^^^^^^^^^
  File "/home/airflow/.local/lib/python3.12/site-packages/airflow/cli/commands/task_command.py", line 256, in _run_task_by_selected_method
    return _run_raw_task(args, ti)
           ^^^^^^^^^^^^^^^^^^^^^^^
  File "/home/airflow/.local/lib/python3.12/site-packages/airflow/cli/commands/task_command.py", line 341, in _run_raw_task
    return ti._run_raw_task(
           ^^^^^^^^^^^^^^^^^
  File "/home/airflow/.local/lib/python3.12/site-packages/airflow/utils/session.py", line 97, in wrapper
    return func(*args, session=session, **kwargs)
           ^^^^^^^^^^^^^^^^^^^^^^^^^^^^^^^^^^^^^^
  File "/home/airflow/.local/lib/python3.12/site-packages/airflow/models/taskinstance.py", line 3005, in _run_raw_task
    return _run_raw_task(
           ^^^^^^^^^^^^^^
  File "/home/airflow/.local/lib/python3.12/site-packages/airflow/models/taskinstance.py", line 273, in _run_raw_task
    TaskInstance._execute_task_with_callbacks(
  File "/home/airflow/.local/lib/python3.12/site-packages/airflow/models/taskinstance.py", line 3159, in _execute_task_with_callbacks
    result = self._execute_task(context, task_orig)
             ^^^^^^^^^^^^^^^^^^^^^^^^^^^^^^^^^^^^^^
  File "/home/airflow/.local/lib/python3.12/site-packages/airflow/models/taskinstance.py", line 3183, in _execute_task
    return _execute_task(self, context, task_orig)
           ^^^^^^^^^^^^^^^^^^^^^^^^^^^^^^^^^^^^^^^
  File "/home/airflow/.local/lib/python3.12/site-packages/airflow/models/taskinstance.py", line 767, in _execute_task
    result = _execute_callable(context=context, **execute_callable_kwargs)
             ^^^^^^^^^^^^^^^^^^^^^^^^^^^^^^^^^^^^^^^^^^^^^^^^^^^^^^^^^^^^^
  File "/home/airflow/.local/lib/python3.12/site-packages/airflow/models/taskinstance.py", line 733, in _execute_callable
    return ExecutionCallableRunner(
           ^^^^^^^^^^^^^^^^^^^^^^^^
  File "/home/airflow/.local/lib/python3.12/site-packages/airflow/utils/operator_helpers.py", line 252, in run
    return self.func(*args, **kwargs)
           ^^^^^^^^^^^^^^^^^^^^^^^^^^
  File "/home/airflow/.local/lib/python3.12/site-packages/airflow/models/baseoperator.py", line 417, in wrapper
    return func(self, *args, **kwargs)
           ^^^^^^^^^^^^^^^^^^^^^^^^^^^
  File "/home/airflow/.local/lib/python3.12/site-packages/airflow/operators/python.py", line 238, in execute
    return_value = self.execute_callable()
                   ^^^^^^^^^^^^^^^^^^^^^^^
  File "/home/airflow/.local/lib/python3.12/site-packages/airflow/operators/python.py", line 256, in execute_callable
    return runner.run(*self.op_args, **self.op_kwargs)
           ^^^^^^^^^^^^^^^^^^^^^^^^^^^^^^^^^^^^^^^^^^^
  File "/home/airflow/.local/lib/python3.12/site-packages/airflow/utils/operator_helpers.py", line 252, in run
    return self.func(*args, **kwargs)
           ^^^^^^^^^^^^^^^^^^^^^^^^^^
  File "/opt/airflow/dags/fetch_data.py", line 80, in insert_sales_data
    cursor.close()
    ^^^^^^
UnboundLocalError: cannot access local variable 'cursor' where it is not associated with a value
[2024-11-18T00:28:01.007+0000] {local_task_job_runner.py:266} INFO - Task exited with return code 1
[2024-11-18T00:28:01.057+0000] {taskinstance.py:3895} INFO - 0 downstream tasks scheduled from follow-on schedule check
[2024-11-18T00:28:01.060+0000] {local_task_job_runner.py:245} INFO - ::endgroup::
